2024-09-15 15:55:46,726 - INFO - Registering new user with username: asdfas
2024-09-15 15:56:08,038 - INFO - Registering new user with username: asdfas
2024-09-15 15:56:46,181 - INFO - Registering new user with username: asdfas
2024-09-15 15:57:07,143 - INFO - Registering new user with username: {'username': 'timur', 'password': 'aboba123'}
2024-09-15 15:57:37,040 - INFO - Registering new user with username: timur
2024-09-15 15:57:40,912 - INFO - Registering new user with username: timur
2024-09-15 15:58:00,968 - INFO - Registering new user with username: aboba123
2024-09-15 15:58:58,924 - INFO - Registering new user with username: timur
2024-09-15 15:59:22,318 - INFO - Registering new user with username: aboba123
2024-09-15 15:59:42,594 - INFO - Registering new user with username: aboba123
2024-09-15 16:03:15,755 - INFO - Registering new user with username: aboba123
2024-09-15 16:03:42,989 - INFO - Registering new user with username: aboba123
2024-09-15 16:03:51,766 - INFO - Registering new user with username: aboba123
2024-09-15 16:04:00,132 - INFO - Registering new user with username: aboba123
2024-09-15 16:04:37,605 - INFO - Registering new user with username: aboba123
2024-09-15 16:05:34,374 - INFO - Registering new user with username: aboba123
2024-09-15 16:06:23,695 - INFO - Registering new user with username: aboba123
2024-09-15 16:06:48,987 - INFO - Registering new user with username: aboba123
2024-09-15 16:10:39,130 - INFO - Registering new user with username: timur
2024-09-15 16:10:53,454 - INFO - Registering new user with username: timur
2024-09-15 16:10:55,447 - INFO - Registering new user with username: timur
2024-09-15 16:11:02,997 - INFO - Registering new user with username: nigger
2024-09-15 16:11:12,008 - INFO - Registering new user with username: nigger
2024-09-15 16:12:47,548 - INFO - Logging in user with username: timur
2024-09-15 16:13:06,618 - INFO - Logging in user with username: aboba123
2024-09-15 16:13:44,173 - INFO - Logging in user with username: aboba123
2024-09-15 16:14:36,574 - INFO - Logging in user with username: aboba123
2024-09-15 16:14:36,596 - INFO - Logging in user with username: timur
2024-09-15 16:14:59,081 - INFO - Logging in user with username: aboba123
2024-09-15 16:14:59,088 - INFO - None
2024-09-15 16:16:18,000 - INFO - Logging in user with username: aboba123
2024-09-15 16:16:18,000 - INFO - timur
2024-09-15 16:16:18,004 - INFO - None
2024-09-15 16:16:45,268 - INFO - Logging in user with username: aboba123
2024-09-15 16:16:45,268 - INFO - <coroutine object get_user_by_username at 0x110327100>
2024-09-15 16:17:22,411 - INFO - Logging in user with username: aboba123
2024-09-15 16:17:22,412 - INFO - <coroutine object AsyncSession.execute at 0x10634d240>
2024-09-15 16:18:13,806 - INFO - Logging in user with username: aboba123
2024-09-15 16:18:13,810 - INFO - <sqlalchemy.engine.result.ScalarResult object at 0x106446e40>
2024-09-15 16:18:49,447 - INFO - Logging in user with username: aboba123
2024-09-15 16:18:49,451 - INFO - Logging in user with username: timur
2024-09-15 16:19:51,973 - INFO - Logging in user with username: aboba123
2024-09-15 16:20:06,694 - INFO - Logging in user with username: aboba123
2024-09-15 16:20:08,201 - INFO - Logging in user with username: aboba123
2024-09-15 16:20:15,285 - INFO - Logging in user with username: aboba123
2024-09-15 16:20:15,290 - INFO - Logging in user with username: timur
2024-09-15 16:20:37,199 - INFO - Logging in user with username: aboba123
2024-09-15 16:20:37,203 - INFO - Logging in user with username: None
2024-09-15 16:21:10,764 - INFO - Logging in user with username: aboba123
2024-09-15 16:21:29,706 - INFO - Logging in user with username: aboba123
2024-09-15 16:21:29,710 - INFO - Logging in user with username: None
2024-09-15 16:22:13,102 - INFO - Logging in user with username: aboba123
2024-09-15 16:22:13,107 - INFO - Logging in user with username: None
2024-09-15 16:23:14,218 - INFO - Registering new user with username: timur
2024-09-15 16:23:25,021 - INFO - Logging in user with username: aboba123
2024-09-15 16:23:25,022 - INFO - Logging in user with username: <models.models.User object at 0x10465df90>
2024-09-15 16:24:20,637 - INFO - Registering new user with username: timur
2024-09-15 16:24:27,981 - INFO - Logging in user with username: aboba123
2024-09-15 16:24:27,982 - INFO - Logging in user with username: <models.models.User object at 0x104009850>
2024-09-15 16:25:14,828 - INFO - Logging in user with username: aboba123
2024-09-15 16:25:14,834 - INFO - Logging in user with username: None
2024-09-15 16:28:00,476 - INFO - Logging in user with username: aboba123
2024-09-15 16:28:00,479 - INFO - Logging in user with username: None
2024-09-15 16:28:03,551 - INFO - Registering new user with username: timur
2024-09-15 16:28:12,206 - INFO - Logging in user with username: aboba123
2024-09-15 16:28:12,207 - INFO - Logging in user with username: <models.models.User object at 0x1068ebdd0>
2024-09-15 16:45:25,320 - INFO - ['house']
2024-09-15 16:46:29,246 - INFO - ['house']
2024-09-15 16:48:54,106 - INFO - ['house']
2024-09-15 16:48:58,128 - INFO - ['house']
2024-09-15 16:49:06,562 - INFO - ['house']
2024-09-15 17:00:24,050 - INFO - Logging in user with username: aboba123
2024-09-15 17:00:24,056 - INFO - Logging in user with username: <models.models.User object at 0x1062e1fd0>
